{"D:\\repo\\rs-react\\src\\App.tsx": {"path":"D:\\repo\\rs-react\\src\\App.tsx","all":false,"statementMap":{"0":{"start":{"line":1,"column":0},"end":{"line":1,"column":71}},"1":{"start":{"line":2,"column":0},"end":{"line":2,"column":19}},"2":{"start":{"line":3,"column":0},"end":{"line":3,"column":48}},"3":{"start":{"line":4,"column":0},"end":{"line":4,"column":54}},"4":{"start":{"line":5,"column":0},"end":{"line":5,"column":54}},"5":{"start":{"line":6,"column":0},"end":{"line":6,"column":0}},"6":{"start":{"line":7,"column":0},"end":{"line":7,"column":36}},"7":{"start":{"line":8,"column":0},"end":{"line":8,"column":3}},"8":{"start":{"line":9,"column":0},"end":{"line":9,"column":14}},"9":{"start":{"line":10,"column":0},"end":{"line":10,"column":24}},"10":{"start":{"line":11,"column":0},"end":{"line":11,"column":31}},"11":{"start":{"line":12,"column":0},"end":{"line":12,"column":4}},"12":{"start":{"line":13,"column":0},"end":{"line":13,"column":3}},"13":{"start":{"line":14,"column":0},"end":{"line":14,"column":14}},"14":{"start":{"line":15,"column":0},"end":{"line":15,"column":26}},"15":{"start":{"line":16,"column":0},"end":{"line":16,"column":31}},"16":{"start":{"line":17,"column":0},"end":{"line":17,"column":4}},"17":{"start":{"line":18,"column":0},"end":{"line":18,"column":3}},"18":{"start":{"line":19,"column":0},"end":{"line":19,"column":0}},"19":{"start":{"line":20,"column":0},"end":{"line":20,"column":16}},"20":{"start":{"line":21,"column":0},"end":{"line":21,"column":44}},"21":{"start":{"line":22,"column":0},"end":{"line":22,"column":1}},"22":{"start":{"line":23,"column":0},"end":{"line":23,"column":0}},"23":{"start":{"line":24,"column":0},"end":{"line":24,"column":19}}},"s":{"0":1,"1":1,"2":1,"3":1,"4":1,"5":1,"6":1,"7":1,"8":1,"9":1,"10":1,"11":1,"12":1,"13":1,"14":1,"15":1,"16":1,"17":1,"18":1,"19":13,"20":13,"21":13,"22":1,"23":1},"branchMap":{"0":{"type":"branch","line":20,"loc":{"start":{"line":20,"column":0},"end":{"line":22,"column":1}},"locations":[{"start":{"line":20,"column":0},"end":{"line":22,"column":1}}]}},"b":{"0":[13]},"fnMap":{"0":{"name":"App","decl":{"start":{"line":20,"column":0},"end":{"line":22,"column":1}},"loc":{"start":{"line":20,"column":0},"end":{"line":22,"column":1}},"line":20}},"f":{"0":13}}
,"D:\\repo\\rs-react\\src\\components\\Details\\Details.tsx": {"path":"D:\\repo\\rs-react\\src\\components\\Details\\Details.tsx","all":false,"statementMap":{"0":{"start":{"line":1,"column":0},"end":{"line":1,"column":51}},"1":{"start":{"line":2,"column":0},"end":{"line":2,"column":51}},"2":{"start":{"line":3,"column":0},"end":{"line":3,"column":62}},"3":{"start":{"line":4,"column":0},"end":{"line":4,"column":38}},"4":{"start":{"line":5,"column":0},"end":{"line":5,"column":44}},"5":{"start":{"line":6,"column":0},"end":{"line":6,"column":0}},"6":{"start":{"line":7,"column":0},"end":{"line":7,"column":20}},"7":{"start":{"line":8,"column":0},"end":{"line":8,"column":60}},"8":{"start":{"line":9,"column":0},"end":{"line":9,"column":51}},"9":{"start":{"line":10,"column":0},"end":{"line":10,"column":41}},"10":{"start":{"line":11,"column":0},"end":{"line":11,"column":70}},"11":{"start":{"line":12,"column":0},"end":{"line":12,"column":49}},"12":{"start":{"line":13,"column":0},"end":{"line":13,"column":0}},"13":{"start":{"line":14,"column":0},"end":{"line":14,"column":19}},"14":{"start":{"line":15,"column":0},"end":{"line":15,"column":27}},"15":{"start":{"line":16,"column":0},"end":{"line":16,"column":11}},"16":{"start":{"line":17,"column":0},"end":{"line":17,"column":0}},"17":{"start":{"line":18,"column":0},"end":{"line":18,"column":10}},"18":{"start":{"line":19,"column":0},"end":{"line":19,"column":51}},"19":{"start":{"line":20,"column":0},"end":{"line":20,"column":25}},"20":{"start":{"line":21,"column":0},"end":{"line":21,"column":18}},"21":{"start":{"line":22,"column":0},"end":{"line":22,"column":18}},"22":{"start":{"line":23,"column":0},"end":{"line":23,"column":10}},"23":{"start":{"line":24,"column":0},"end":{"line":24,"column":39}},"24":{"start":{"line":25,"column":0},"end":{"line":25,"column":61}},"25":{"start":{"line":26,"column":0},"end":{"line":26,"column":16}},"26":{"start":{"line":27,"column":0},"end":{"line":27,"column":69}},"27":{"start":{"line":28,"column":0},"end":{"line":28,"column":41}},"28":{"start":{"line":29,"column":0},"end":{"line":29,"column":17}},"29":{"start":{"line":30,"column":0},"end":{"line":30,"column":16}},"30":{"start":{"line":31,"column":0},"end":{"line":31,"column":69}},"31":{"start":{"line":32,"column":0},"end":{"line":32,"column":43}},"32":{"start":{"line":33,"column":0},"end":{"line":33,"column":17}},"33":{"start":{"line":34,"column":0},"end":{"line":34,"column":16}},"34":{"start":{"line":35,"column":0},"end":{"line":35,"column":70}},"35":{"start":{"line":36,"column":0},"end":{"line":36,"column":43}},"36":{"start":{"line":37,"column":0},"end":{"line":37,"column":17}},"37":{"start":{"line":38,"column":0},"end":{"line":38,"column":16}},"38":{"start":{"line":39,"column":0},"end":{"line":39,"column":79}},"39":{"start":{"line":40,"column":0},"end":{"line":40,"column":17}},"40":{"start":{"line":41,"column":0},"end":{"line":41,"column":16}},"41":{"start":{"line":42,"column":0},"end":{"line":42,"column":75}},"42":{"start":{"line":43,"column":0},"end":{"line":43,"column":38}},"43":{"start":{"line":44,"column":0},"end":{"line":44,"column":17}},"44":{"start":{"line":45,"column":0},"end":{"line":45,"column":16}},"45":{"start":{"line":46,"column":0},"end":{"line":46,"column":74}},"46":{"start":{"line":47,"column":0},"end":{"line":47,"column":17}},"47":{"start":{"line":48,"column":0},"end":{"line":48,"column":16}},"48":{"start":{"line":49,"column":0},"end":{"line":49,"column":68}},"49":{"start":{"line":50,"column":0},"end":{"line":50,"column":36}},"50":{"start":{"line":51,"column":0},"end":{"line":51,"column":17}},"51":{"start":{"line":52,"column":0},"end":{"line":52,"column":16}},"52":{"start":{"line":53,"column":0},"end":{"line":53,"column":66}},"53":{"start":{"line":54,"column":0},"end":{"line":54,"column":34}},"54":{"start":{"line":55,"column":0},"end":{"line":55,"column":17}},"55":{"start":{"line":56,"column":0},"end":{"line":56,"column":15}},"56":{"start":{"line":57,"column":0},"end":{"line":57,"column":17}},"57":{"start":{"line":58,"column":0},"end":{"line":58,"column":38}},"58":{"start":{"line":59,"column":0},"end":{"line":59,"column":40}},"59":{"start":{"line":60,"column":0},"end":{"line":60,"column":28}},"60":{"start":{"line":61,"column":0},"end":{"line":61,"column":45}},"61":{"start":{"line":62,"column":0},"end":{"line":62,"column":44}},"62":{"start":{"line":63,"column":0},"end":{"line":63,"column":14}},"63":{"start":{"line":64,"column":0},"end":{"line":64,"column":11}},"64":{"start":{"line":65,"column":0},"end":{"line":65,"column":13}},"65":{"start":{"line":66,"column":0},"end":{"line":66,"column":19}},"66":{"start":{"line":67,"column":0},"end":{"line":67,"column":11}},"67":{"start":{"line":68,"column":0},"end":{"line":68,"column":15}},"68":{"start":{"line":69,"column":0},"end":{"line":69,"column":10}},"69":{"start":{"line":70,"column":0},"end":{"line":70,"column":4}},"70":{"start":{"line":71,"column":0},"end":{"line":71,"column":1}},"71":{"start":{"line":72,"column":0},"end":{"line":72,"column":0}},"72":{"start":{"line":73,"column":0},"end":{"line":73,"column":23}}},"s":{"0":1,"1":1,"2":1,"3":1,"4":1,"5":1,"6":17,"7":17,"8":17,"9":17,"10":17,"11":17,"12":17,"13":17,"14":4,"15":17,"16":17,"17":17,"18":17,"19":17,"20":7,"21":10,"22":2,"23":2,"24":2,"25":2,"26":2,"27":2,"28":2,"29":2,"30":2,"31":2,"32":2,"33":2,"34":2,"35":2,"36":2,"37":2,"38":2,"39":2,"40":2,"41":2,"42":2,"43":2,"44":2,"45":2,"46":2,"47":2,"48":2,"49":2,"50":2,"51":2,"52":2,"53":2,"54":2,"55":2,"56":2,"57":2,"58":2,"59":2,"60":0,"61":0,"62":0,"63":2,"64":2,"65":2,"66":2,"67":8,"68":17,"69":17,"70":17,"71":1,"72":1},"branchMap":{"0":{"type":"branch","line":7,"loc":{"start":{"line":7,"column":0},"end":{"line":71,"column":1}},"locations":[{"start":{"line":7,"column":0},"end":{"line":71,"column":1}}]},"1":{"type":"branch","line":20,"loc":{"start":{"line":20,"column":7},"end":{"line":21,"column":18}},"locations":[{"start":{"line":20,"column":7},"end":{"line":21,"column":18}}]},"2":{"type":"branch","line":21,"loc":{"start":{"line":21,"column":16},"end":{"line":68,"column":15}},"locations":[{"start":{"line":21,"column":16},"end":{"line":68,"column":15}}]},"3":{"type":"branch","line":22,"loc":{"start":{"line":22,"column":10},"end":{"line":67,"column":11}},"locations":[{"start":{"line":22,"column":10},"end":{"line":67,"column":11}}]},"4":{"type":"branch","line":28,"loc":{"start":{"line":28,"column":20},"end":{"line":28,"column":41}},"locations":[{"start":{"line":28,"column":20},"end":{"line":28,"column":41}}]},"5":{"type":"branch","line":32,"loc":{"start":{"line":32,"column":20},"end":{"line":32,"column":43}},"locations":[{"start":{"line":32,"column":20},"end":{"line":32,"column":43}}]},"6":{"type":"branch","line":36,"loc":{"start":{"line":36,"column":20},"end":{"line":36,"column":43}},"locations":[{"start":{"line":36,"column":20},"end":{"line":36,"column":43}}]},"7":{"type":"branch","line":67,"loc":{"start":{"line":67,"column":8},"end":{"line":68,"column":15}},"locations":[{"start":{"line":67,"column":8},"end":{"line":68,"column":15}}]},"8":{"type":"branch","line":11,"loc":{"start":{"line":11,"column":44},"end":{"line":11,"column":68}},"locations":[{"start":{"line":11,"column":44},"end":{"line":11,"column":68}}]},"9":{"type":"branch","line":14,"loc":{"start":{"line":14,"column":12},"end":{"line":16,"column":5}},"locations":[{"start":{"line":14,"column":12},"end":{"line":16,"column":5}}]}},"b":{"0":[17],"1":[7],"2":[10],"3":[2],"4":[0],"5":[0],"6":[0],"7":[8],"8":[37],"9":[4]},"fnMap":{"0":{"name":"Details","decl":{"start":{"line":7,"column":0},"end":{"line":71,"column":1}},"loc":{"start":{"line":7,"column":0},"end":{"line":71,"column":1}},"line":7},"1":{"name":"onClick","decl":{"start":{"line":60,"column":21},"end":{"line":63,"column":14}},"loc":{"start":{"line":60,"column":21},"end":{"line":63,"column":14}},"line":60}},"f":{"0":17,"1":0}}
,"D:\\repo\\rs-react\\src\\components\\Fallback\\Fallback.tsx": {"path":"D:\\repo\\rs-react\\src\\components\\Fallback\\Fallback.tsx","all":false,"statementMap":{"0":{"start":{"line":1,"column":0},"end":{"line":1,"column":36}},"1":{"start":{"line":2,"column":0},"end":{"line":2,"column":10}},"2":{"start":{"line":3,"column":0},"end":{"line":3,"column":37}},"3":{"start":{"line":4,"column":0},"end":{"line":4,"column":58}},"4":{"start":{"line":5,"column":0},"end":{"line":5,"column":10}},"5":{"start":{"line":6,"column":0},"end":{"line":6,"column":4}},"6":{"start":{"line":7,"column":0},"end":{"line":7,"column":1}}},"s":{"0":0,"1":0,"2":0,"3":0,"4":0,"5":0,"6":0},"branchMap":{},"b":{},"fnMap":{"0":{"name":"Fallback","decl":{"start":{"line":1,"column":0},"end":{"line":7,"column":1}},"loc":{"start":{"line":1,"column":0},"end":{"line":7,"column":1}},"line":1}},"f":{"0":0}}
,"D:\\repo\\rs-react\\src\\components\\Loader\\Loader.tsx": {"path":"D:\\repo\\rs-react\\src\\components\\Loader\\Loader.tsx","all":false,"statementMap":{"0":{"start":{"line":1,"column":0},"end":{"line":1,"column":34}},"1":{"start":{"line":2,"column":0},"end":{"line":2,"column":57}},"2":{"start":{"line":3,"column":0},"end":{"line":3,"column":1}}},"s":{"0":29,"1":29,"2":29},"branchMap":{"0":{"type":"branch","line":1,"loc":{"start":{"line":1,"column":0},"end":{"line":3,"column":1}},"locations":[{"start":{"line":1,"column":0},"end":{"line":3,"column":1}}]}},"b":{"0":[29]},"fnMap":{"0":{"name":"Loader","decl":{"start":{"line":1,"column":0},"end":{"line":3,"column":1}},"loc":{"start":{"line":1,"column":0},"end":{"line":3,"column":1}},"line":1}},"f":{"0":29}}
,"D:\\repo\\rs-react\\src\\components\\NotFound\\NotFound.tsx": {"path":"D:\\repo\\rs-react\\src\\components\\NotFound\\NotFound.tsx","all":false,"statementMap":{"0":{"start":{"line":1,"column":0},"end":{"line":1,"column":24}},"1":{"start":{"line":2,"column":0},"end":{"line":2,"column":10}},"2":{"start":{"line":3,"column":0},"end":{"line":3,"column":31}},"3":{"start":{"line":4,"column":0},"end":{"line":4,"column":18}},"4":{"start":{"line":5,"column":0},"end":{"line":5,"column":29}},"5":{"start":{"line":6,"column":0},"end":{"line":6,"column":10}},"6":{"start":{"line":7,"column":0},"end":{"line":7,"column":4}},"7":{"start":{"line":8,"column":0},"end":{"line":8,"column":2}},"8":{"start":{"line":9,"column":0},"end":{"line":9,"column":0}},"9":{"start":{"line":10,"column":0},"end":{"line":10,"column":24}}},"s":{"0":1,"1":1,"2":1,"3":1,"4":1,"5":1,"6":1,"7":1,"8":1,"9":1},"branchMap":{"0":{"type":"branch","line":1,"loc":{"start":{"line":1,"column":17},"end":{"line":8,"column":2}},"locations":[{"start":{"line":1,"column":17},"end":{"line":8,"column":2}}]}},"b":{"0":[1]},"fnMap":{"0":{"name":"NotFound","decl":{"start":{"line":1,"column":17},"end":{"line":8,"column":2}},"loc":{"start":{"line":1,"column":17},"end":{"line":8,"column":2}},"line":1}},"f":{"0":1}}
,"D:\\repo\\rs-react\\src\\components\\OutputItem\\OutputItem.tsx": {"path":"D:\\repo\\rs-react\\src\\components\\OutputItem\\OutputItem.tsx","all":false,"statementMap":{"0":{"start":{"line":1,"column":0},"end":{"line":1,"column":51}},"1":{"start":{"line":2,"column":0},"end":{"line":2,"column":56}},"2":{"start":{"line":3,"column":0},"end":{"line":3,"column":0}},"3":{"start":{"line":4,"column":0},"end":{"line":4,"column":24}},"4":{"start":{"line":5,"column":0},"end":{"line":5,"column":13}},"5":{"start":{"line":6,"column":0},"end":{"line":6,"column":2}},"6":{"start":{"line":7,"column":0},"end":{"line":7,"column":0}},"7":{"start":{"line":8,"column":0},"end":{"line":8,"column":63}},"8":{"start":{"line":9,"column":0},"end":{"line":9,"column":60}},"9":{"start":{"line":10,"column":0},"end":{"line":10,"column":0}},"10":{"start":{"line":11,"column":0},"end":{"line":11,"column":10}},"11":{"start":{"line":12,"column":0},"end":{"line":12,"column":32}},"12":{"start":{"line":13,"column":0},"end":{"line":13,"column":11}},"13":{"start":{"line":14,"column":0},"end":{"line":14,"column":38}},"14":{"start":{"line":15,"column":0},"end":{"line":15,"column":77}},"15":{"start":{"line":16,"column":0},"end":{"line":16,"column":11}},"16":{"start":{"line":17,"column":0},"end":{"line":17,"column":24}},"17":{"start":{"line":18,"column":0},"end":{"line":18,"column":58}},"18":{"start":{"line":19,"column":0},"end":{"line":19,"column":40}},"19":{"start":{"line":20,"column":0},"end":{"line":20,"column":10}},"20":{"start":{"line":21,"column":0},"end":{"line":21,"column":7}},"21":{"start":{"line":22,"column":0},"end":{"line":22,"column":48}},"22":{"start":{"line":23,"column":0},"end":{"line":23,"column":13}},"23":{"start":{"line":24,"column":0},"end":{"line":24,"column":9}},"24":{"start":{"line":25,"column":0},"end":{"line":25,"column":4}},"25":{"start":{"line":26,"column":0},"end":{"line":26,"column":1}}},"s":{"0":1,"1":1,"2":1,"3":1,"4":1,"5":1,"6":1,"7":57,"8":57,"9":57,"10":57,"11":57,"12":57,"13":57,"14":57,"15":57,"16":57,"17":5,"18":5,"19":5,"20":57,"21":57,"22":57,"23":57,"24":57,"25":57},"branchMap":{"0":{"type":"branch","line":8,"loc":{"start":{"line":8,"column":0},"end":{"line":26,"column":1}},"locations":[{"start":{"line":8,"column":0},"end":{"line":26,"column":1}}]},"1":{"type":"branch","line":15,"loc":{"start":{"line":15,"column":59},"end":{"line":15,"column":75}},"locations":[{"start":{"line":15,"column":59},"end":{"line":15,"column":75}}]},"2":{"type":"branch","line":15,"loc":{"start":{"line":15,"column":63},"end":{"line":15,"column":77}},"locations":[{"start":{"line":15,"column":63},"end":{"line":15,"column":77}}]},"3":{"type":"branch","line":17,"loc":{"start":{"line":17,"column":17},"end":{"line":20,"column":10}},"locations":[{"start":{"line":17,"column":17},"end":{"line":20,"column":10}}]}},"b":{"0":[57],"1":[7],"2":[50],"3":[5]},"fnMap":{"0":{"name":"OutputItem","decl":{"start":{"line":8,"column":0},"end":{"line":26,"column":1}},"loc":{"start":{"line":8,"column":0},"end":{"line":26,"column":1}},"line":8},"1":{"name":"onClick","decl":{"start":{"line":17,"column":17},"end":{"line":20,"column":10}},"loc":{"start":{"line":17,"column":17},"end":{"line":20,"column":10}},"line":17}},"f":{"0":57,"1":5}}
,"D:\\repo\\rs-react\\src\\components\\Pagination\\Pagination.tsx": {"path":"D:\\repo\\rs-react\\src\\components\\Pagination\\Pagination.tsx","all":false,"statementMap":{"0":{"start":{"line":1,"column":0},"end":{"line":1,"column":51}},"1":{"start":{"line":2,"column":0},"end":{"line":2,"column":67}},"2":{"start":{"line":3,"column":0},"end":{"line":3,"column":68}},"3":{"start":{"line":4,"column":0},"end":{"line":4,"column":63}},"4":{"start":{"line":5,"column":0},"end":{"line":5,"column":0}},"5":{"start":{"line":6,"column":0},"end":{"line":6,"column":38}},"6":{"start":{"line":7,"column":0},"end":{"line":7,"column":79}},"7":{"start":{"line":8,"column":0},"end":{"line":8,"column":37}},"8":{"start":{"line":9,"column":0},"end":{"line":9,"column":16}},"9":{"start":{"line":10,"column":0},"end":{"line":10,"column":9}},"10":{"start":{"line":11,"column":0},"end":{"line":11,"column":12}},"11":{"start":{"line":12,"column":0},"end":{"line":12,"column":5}},"12":{"start":{"line":13,"column":0},"end":{"line":13,"column":36}},"13":{"start":{"line":14,"column":0},"end":{"line":14,"column":48}},"14":{"start":{"line":15,"column":0},"end":{"line":15,"column":0}},"15":{"start":{"line":16,"column":0},"end":{"line":16,"column":38}},"16":{"start":{"line":17,"column":0},"end":{"line":17,"column":28}},"17":{"start":{"line":18,"column":0},"end":{"line":18,"column":47}},"18":{"start":{"line":19,"column":0},"end":{"line":19,"column":4}},"19":{"start":{"line":20,"column":0},"end":{"line":20,"column":0}},"20":{"start":{"line":21,"column":0},"end":{"line":21,"column":35}},"21":{"start":{"line":22,"column":0},"end":{"line":22,"column":32}},"22":{"start":{"line":23,"column":0},"end":{"line":23,"column":64}},"23":{"start":{"line":24,"column":0},"end":{"line":24,"column":16}},"24":{"start":{"line":25,"column":0},"end":{"line":25,"column":15}},"25":{"start":{"line":26,"column":0},"end":{"line":26,"column":71}},"26":{"start":{"line":27,"column":0},"end":{"line":27,"column":12}},"27":{"start":{"line":28,"column":0},"end":{"line":28,"column":15}},"28":{"start":{"line":29,"column":0},"end":{"line":29,"column":23}},"29":{"start":{"line":30,"column":0},"end":{"line":30,"column":13}},"30":{"start":{"line":31,"column":0},"end":{"line":31,"column":33}},"31":{"start":{"line":32,"column":0},"end":{"line":32,"column":49}},"32":{"start":{"line":33,"column":0},"end":{"line":33,"column":42}},"33":{"start":{"line":34,"column":0},"end":{"line":34,"column":7}},"34":{"start":{"line":35,"column":0},"end":{"line":35,"column":12}},"35":{"start":{"line":36,"column":0},"end":{"line":36,"column":15}},"36":{"start":{"line":37,"column":0},"end":{"line":37,"column":13}},"37":{"start":{"line":38,"column":0},"end":{"line":38,"column":50}},"38":{"start":{"line":39,"column":0},"end":{"line":39,"column":55}},"39":{"start":{"line":40,"column":0},"end":{"line":40,"column":7}},"40":{"start":{"line":41,"column":0},"end":{"line":41,"column":16}},"41":{"start":{"line":42,"column":0},"end":{"line":42,"column":15}},"42":{"start":{"line":43,"column":0},"end":{"line":43,"column":13}},"43":{"start":{"line":44,"column":0},"end":{"line":44,"column":37}},"44":{"start":{"line":45,"column":0},"end":{"line":45,"column":26}},"45":{"start":{"line":46,"column":0},"end":{"line":46,"column":24}},"46":{"start":{"line":47,"column":0},"end":{"line":47,"column":23}},"47":{"start":{"line":48,"column":0},"end":{"line":48,"column":64}},"48":{"start":{"line":49,"column":0},"end":{"line":49,"column":48}},"49":{"start":{"line":50,"column":0},"end":{"line":50,"column":22}},"50":{"start":{"line":51,"column":0},"end":{"line":51,"column":10}},"51":{"start":{"line":52,"column":0},"end":{"line":52,"column":7}},"52":{"start":{"line":53,"column":0},"end":{"line":53,"column":42}},"53":{"start":{"line":54,"column":0},"end":{"line":54,"column":17}},"54":{"start":{"line":55,"column":0},"end":{"line":55,"column":48}},"55":{"start":{"line":56,"column":0},"end":{"line":56,"column":25}},"56":{"start":{"line":57,"column":0},"end":{"line":57,"column":23}},"57":{"start":{"line":58,"column":0},"end":{"line":58,"column":11}},"58":{"start":{"line":59,"column":0},"end":{"line":59,"column":19}},"59":{"start":{"line":60,"column":0},"end":{"line":60,"column":19}},"60":{"start":{"line":61,"column":0},"end":{"line":61,"column":11}},"61":{"start":{"line":62,"column":0},"end":{"line":62,"column":15}},"62":{"start":{"line":63,"column":0},"end":{"line":63,"column":10}},"63":{"start":{"line":64,"column":0},"end":{"line":64,"column":11}},"64":{"start":{"line":65,"column":0},"end":{"line":65,"column":1}}},"s":{"0":1,"1":1,"2":1,"3":1,"4":1,"5":34,"6":34,"7":34,"8":34,"9":34,"10":34,"11":34,"12":34,"13":34,"14":34,"15":34,"16":1,"17":1,"18":1,"19":34,"20":34,"21":19,"22":19,"23":19,"24":19,"25":19,"26":19,"27":19,"28":19,"29":19,"30":19,"31":19,"32":19,"33":19,"34":19,"35":19,"36":19,"37":19,"38":19,"39":19,"40":19,"41":19,"42":19,"43":19,"44":19,"45":19,"46":19,"47":19,"48":0,"49":0,"50":0,"51":19,"52":19,"53":76,"54":76,"55":76,"56":76,"57":76,"58":76,"59":76,"60":19,"61":19,"62":19,"63":15,"64":34},"branchMap":{"0":{"type":"branch","line":6,"loc":{"start":{"line":6,"column":0},"end":{"line":65,"column":1}},"locations":[{"start":{"line":6,"column":0},"end":{"line":65,"column":1}}]},"1":{"type":"branch","line":21,"loc":{"start":{"line":21,"column":9},"end":{"line":21,"column":20}},"locations":[{"start":{"line":21,"column":9},"end":{"line":21,"column":20}}]},"2":{"type":"branch","line":21,"loc":{"start":{"line":21,"column":20},"end":{"line":63,"column":10}},"locations":[{"start":{"line":21,"column":20},"end":{"line":63,"column":10}}]},"3":{"type":"branch","line":63,"loc":{"start":{"line":63,"column":4},"end":{"line":64,"column":11}},"locations":[{"start":{"line":63,"column":4},"end":{"line":64,"column":11}}]},"4":{"type":"branch","line":7,"loc":{"start":{"line":7,"column":56},"end":{"line":7,"column":77}},"locations":[{"start":{"line":7,"column":56},"end":{"line":7,"column":77}}]},"5":{"type":"branch","line":16,"loc":{"start":{"line":16,"column":19},"end":{"line":19,"column":4}},"locations":[{"start":{"line":16,"column":19},"end":{"line":19,"column":4}}]},"6":{"type":"branch","line":33,"loc":{"start":{"line":33,"column":17},"end":{"line":33,"column":42}},"locations":[{"start":{"line":33,"column":17},"end":{"line":33,"column":42}}]},"7":{"type":"branch","line":53,"loc":{"start":{"line":53,"column":30},"end":{"line":60,"column":19}},"locations":[{"start":{"line":53,"column":30},"end":{"line":60,"column":19}}]}},"b":{"0":[34],"1":[20],"2":[19],"3":[15],"4":[111],"5":[1],"6":[1],"7":[76]},"fnMap":{"0":{"name":"Pagination","decl":{"start":{"line":6,"column":0},"end":{"line":65,"column":1}},"loc":{"start":{"line":6,"column":0},"end":{"line":65,"column":1}},"line":6},"1":{"name":"paginate","decl":{"start":{"line":16,"column":19},"end":{"line":19,"column":4}},"loc":{"start":{"line":16,"column":19},"end":{"line":19,"column":4}},"line":16},"2":{"name":"onClick","decl":{"start":{"line":23,"column":45},"end":{"line":23,"column":64}},"loc":{"start":{"line":23,"column":45},"end":{"line":23,"column":64}},"line":23},"3":{"name":"onClick","decl":{"start":{"line":26,"column":45},"end":{"line":26,"column":71}},"loc":{"start":{"line":26,"column":45},"end":{"line":26,"column":71}},"line":26},"4":{"name":"onClick","decl":{"start":{"line":33,"column":17},"end":{"line":33,"column":42}},"loc":{"start":{"line":33,"column":17},"end":{"line":33,"column":42}},"line":33},"5":{"name":"onClick","decl":{"start":{"line":39,"column":17},"end":{"line":39,"column":55}},"loc":{"start":{"line":39,"column":17},"end":{"line":39,"column":55}},"line":39},"6":{"name":"onChange","decl":{"start":{"line":48,"column":18},"end":{"line":51,"column":10}},"loc":{"start":{"line":48,"column":18},"end":{"line":51,"column":10}},"line":48}},"f":{"0":34,"1":1,"2":0,"3":0,"4":1,"5":0,"6":0}}
,"D:\\repo\\rs-react\\src\\components\\Search\\Search.tsx": {"path":"D:\\repo\\rs-react\\src\\components\\Search\\Search.tsx","all":false,"statementMap":{"0":{"start":{"line":1,"column":0},"end":{"line":1,"column":44}},"1":{"start":{"line":2,"column":0},"end":{"line":2,"column":51}},"2":{"start":{"line":3,"column":0},"end":{"line":3,"column":67}},"3":{"start":{"line":4,"column":0},"end":{"line":4,"column":75}},"4":{"start":{"line":5,"column":0},"end":{"line":5,"column":53}},"5":{"start":{"line":6,"column":0},"end":{"line":6,"column":56}},"6":{"start":{"line":7,"column":0},"end":{"line":7,"column":50}},"7":{"start":{"line":8,"column":0},"end":{"line":8,"column":38}},"8":{"start":{"line":9,"column":0},"end":{"line":9,"column":61}},"9":{"start":{"line":10,"column":0},"end":{"line":10,"column":60}},"10":{"start":{"line":11,"column":0},"end":{"line":11,"column":0}},"11":{"start":{"line":12,"column":0},"end":{"line":12,"column":34}},"12":{"start":{"line":13,"column":0},"end":{"line":13,"column":60}},"13":{"start":{"line":14,"column":0},"end":{"line":14,"column":44}},"14":{"start":{"line":15,"column":0},"end":{"line":15,"column":64}},"15":{"start":{"line":16,"column":0},"end":{"line":16,"column":36}},"16":{"start":{"line":17,"column":0},"end":{"line":17,"column":0}},"17":{"start":{"line":18,"column":0},"end":{"line":18,"column":28}},"18":{"start":{"line":19,"column":0},"end":{"line":19,"column":44}},"19":{"start":{"line":20,"column":0},"end":{"line":20,"column":4}},"20":{"start":{"line":21,"column":0},"end":{"line":21,"column":0}},"21":{"start":{"line":22,"column":0},"end":{"line":22,"column":19}},"22":{"start":{"line":23,"column":0},"end":{"line":23,"column":48}},"23":{"start":{"line":24,"column":0},"end":{"line":24,"column":21}},"24":{"start":{"line":25,"column":0},"end":{"line":25,"column":37}},"25":{"start":{"line":26,"column":0},"end":{"line":26,"column":12}},"26":{"start":{"line":27,"column":0},"end":{"line":27,"column":37}},"27":{"start":{"line":28,"column":0},"end":{"line":28,"column":5}},"28":{"start":{"line":29,"column":0},"end":{"line":29,"column":48}},"29":{"start":{"line":30,"column":0},"end":{"line":30,"column":0}},"30":{"start":{"line":31,"column":0},"end":{"line":31,"column":19}},"31":{"start":{"line":32,"column":0},"end":{"line":32,"column":71}},"32":{"start":{"line":33,"column":0},"end":{"line":33,"column":35}},"33":{"start":{"line":34,"column":0},"end":{"line":34,"column":74}},"34":{"start":{"line":35,"column":0},"end":{"line":35,"column":17}},"35":{"start":{"line":36,"column":0},"end":{"line":36,"column":0}},"36":{"start":{"line":37,"column":0},"end":{"line":37,"column":10}},"37":{"start":{"line":38,"column":0},"end":{"line":38,"column":31}},"38":{"start":{"line":39,"column":0},"end":{"line":39,"column":41}},"39":{"start":{"line":40,"column":0},"end":{"line":40,"column":21}},"40":{"start":{"line":41,"column":0},"end":{"line":41,"column":22}},"41":{"start":{"line":42,"column":0},"end":{"line":42,"column":18}},"42":{"start":{"line":43,"column":0},"end":{"line":43,"column":11}},"43":{"start":{"line":44,"column":0},"end":{"line":44,"column":10}},"44":{"start":{"line":45,"column":0},"end":{"line":45,"column":26}},"45":{"start":{"line":46,"column":0},"end":{"line":46,"column":24}},"46":{"start":{"line":47,"column":0},"end":{"line":47,"column":72}},"47":{"start":{"line":48,"column":0},"end":{"line":48,"column":17}},"48":{"start":{"line":49,"column":0},"end":{"line":49,"column":19}},"49":{"start":{"line":50,"column":0},"end":{"line":50,"column":33}},"50":{"start":{"line":51,"column":0},"end":{"line":51,"column":11}},"51":{"start":{"line":52,"column":0},"end":{"line":52,"column":8}},"52":{"start":{"line":53,"column":0},"end":{"line":53,"column":10}},"53":{"start":{"line":54,"column":0},"end":{"line":54,"column":4}},"54":{"start":{"line":55,"column":0},"end":{"line":55,"column":1}}},"s":{"0":1,"1":1,"2":1,"3":1,"4":1,"5":1,"6":1,"7":1,"8":1,"9":1,"10":1,"11":56,"12":56,"13":56,"14":56,"15":56,"16":56,"17":56,"18":0,"19":0,"20":56,"21":56,"22":22,"23":22,"24":16,"25":21,"26":6,"27":6,"28":56,"29":56,"30":56,"31":13,"32":13,"33":13,"34":56,"35":56,"36":56,"37":56,"38":56,"39":56,"40":56,"41":22,"42":34,"43":34,"44":34,"45":34,"46":34,"47":34,"48":34,"49":34,"50":34,"51":56,"52":56,"53":56,"54":56},"branchMap":{"0":{"type":"branch","line":12,"loc":{"start":{"line":12,"column":0},"end":{"line":55,"column":1}},"locations":[{"start":{"line":12,"column":0},"end":{"line":55,"column":1}}]},"1":{"type":"branch","line":41,"loc":{"start":{"line":41,"column":7},"end":{"line":42,"column":18}},"locations":[{"start":{"line":41,"column":7},"end":{"line":42,"column":18}}]},"2":{"type":"branch","line":42,"loc":{"start":{"line":42,"column":16},"end":{"line":51,"column":11}},"locations":[{"start":{"line":42,"column":16},"end":{"line":51,"column":11}}]},"3":{"type":"branch","line":50,"loc":{"start":{"line":50,"column":11},"end":{"line":50,"column":33}},"locations":[{"start":{"line":50,"column":11},"end":{"line":50,"column":33}}]},"4":{"type":"branch","line":15,"loc":{"start":{"line":15,"column":41},"end":{"line":15,"column":62}},"locations":[{"start":{"line":15,"column":41},"end":{"line":15,"column":62}}]},"5":{"type":"branch","line":22,"loc":{"start":{"line":22,"column":12},"end":{"line":29,"column":5}},"locations":[{"start":{"line":22,"column":12},"end":{"line":29,"column":5}}]},"6":{"type":"branch","line":24,"loc":{"start":{"line":24,"column":20},"end":{"line":28,"column":5}},"locations":[{"start":{"line":24,"column":20},"end":{"line":28,"column":5}}]},"7":{"type":"branch","line":24,"loc":{"start":{"line":24,"column":20},"end":{"line":26,"column":11}},"locations":[{"start":{"line":24,"column":20},"end":{"line":26,"column":11}}]},"8":{"type":"branch","line":26,"loc":{"start":{"line":26,"column":4},"end":{"line":28,"column":5}},"locations":[{"start":{"line":26,"column":4},"end":{"line":28,"column":5}}]},"9":{"type":"branch","line":31,"loc":{"start":{"line":31,"column":12},"end":{"line":35,"column":5}},"locations":[{"start":{"line":31,"column":12},"end":{"line":35,"column":5}}]},"10":{"type":"branch","line":34,"loc":{"start":{"line":34,"column":27},"end":{"line":34,"column":74}},"locations":[{"start":{"line":34,"column":27},"end":{"line":34,"column":74}}]}},"b":{"0":[56],"1":[22],"2":[34],"3":[0],"4":[163],"5":[22],"6":[21],"7":[16],"8":[6],"9":[13],"10":[1]},"fnMap":{"0":{"name":"Search","decl":{"start":{"line":12,"column":0},"end":{"line":55,"column":1}},"loc":{"start":{"line":12,"column":0},"end":{"line":55,"column":1}},"line":12},"1":{"name":"throwError","decl":{"start":{"line":18,"column":21},"end":{"line":20,"column":4}},"loc":{"start":{"line":18,"column":21},"end":{"line":20,"column":4}},"line":18},"2":{"name":"onClick","decl":{"start":{"line":47,"column":27},"end":{"line":47,"column":49}},"loc":{"start":{"line":47,"column":27},"end":{"line":47,"column":49}},"line":47}},"f":{"0":56,"1":0,"2":0}}
,"D:\\repo\\rs-react\\src\\components\\SearchInput\\SearchInput.tsx": {"path":"D:\\repo\\rs-react\\src\\components\\SearchInput\\SearchInput.tsx","all":false,"statementMap":{"0":{"start":{"line":1,"column":0},"end":{"line":1,"column":68}},"1":{"start":{"line":2,"column":0},"end":{"line":2,"column":67}},"2":{"start":{"line":3,"column":0},"end":{"line":3,"column":75}},"3":{"start":{"line":4,"column":0},"end":{"line":4,"column":61}},"4":{"start":{"line":5,"column":0},"end":{"line":5,"column":60}},"5":{"start":{"line":6,"column":0},"end":{"line":6,"column":51}},"6":{"start":{"line":7,"column":0},"end":{"line":7,"column":0}},"7":{"start":{"line":8,"column":0},"end":{"line":8,"column":24}},"8":{"start":{"line":9,"column":0},"end":{"line":9,"column":36}},"9":{"start":{"line":10,"column":0},"end":{"line":10,"column":77}},"10":{"start":{"line":11,"column":0},"end":{"line":11,"column":41}},"11":{"start":{"line":12,"column":0},"end":{"line":12,"column":48}},"12":{"start":{"line":13,"column":0},"end":{"line":13,"column":0}},"13":{"start":{"line":14,"column":0},"end":{"line":14,"column":19}},"14":{"start":{"line":15,"column":0},"end":{"line":15,"column":26}},"15":{"start":{"line":16,"column":0},"end":{"line":16,"column":20}},"16":{"start":{"line":17,"column":0},"end":{"line":17,"column":0}},"17":{"start":{"line":18,"column":0},"end":{"line":18,"column":62}},"18":{"start":{"line":19,"column":0},"end":{"line":19,"column":29}},"19":{"start":{"line":20,"column":0},"end":{"line":20,"column":4}},"20":{"start":{"line":21,"column":0},"end":{"line":21,"column":0}},"21":{"start":{"line":22,"column":0},"end":{"line":22,"column":59}},"22":{"start":{"line":23,"column":0},"end":{"line":23,"column":23}},"23":{"start":{"line":24,"column":0},"end":{"line":24,"column":52}},"24":{"start":{"line":25,"column":0},"end":{"line":25,"column":39}},"25":{"start":{"line":26,"column":0},"end":{"line":26,"column":25}},"26":{"start":{"line":27,"column":0},"end":{"line":27,"column":35}},"27":{"start":{"line":28,"column":0},"end":{"line":28,"column":4}},"28":{"start":{"line":29,"column":0},"end":{"line":29,"column":0}},"29":{"start":{"line":30,"column":0},"end":{"line":30,"column":10}},"30":{"start":{"line":31,"column":0},"end":{"line":31,"column":58}},"31":{"start":{"line":32,"column":0},"end":{"line":32,"column":12}},"32":{"start":{"line":33,"column":0},"end":{"line":33,"column":32}},"33":{"start":{"line":34,"column":0},"end":{"line":34,"column":34}},"34":{"start":{"line":35,"column":0},"end":{"line":35,"column":19}},"35":{"start":{"line":36,"column":0},"end":{"line":36,"column":21}},"36":{"start":{"line":37,"column":0},"end":{"line":37,"column":31}},"37":{"start":{"line":38,"column":0},"end":{"line":38,"column":30}},"38":{"start":{"line":39,"column":0},"end":{"line":39,"column":8}},"39":{"start":{"line":40,"column":0},"end":{"line":40,"column":79}},"40":{"start":{"line":41,"column":0},"end":{"line":41,"column":14}},"41":{"start":{"line":42,"column":0},"end":{"line":42,"column":15}},"42":{"start":{"line":43,"column":0},"end":{"line":43,"column":11}},"43":{"start":{"line":44,"column":0},"end":{"line":44,"column":4}},"44":{"start":{"line":45,"column":0},"end":{"line":45,"column":1}},"45":{"start":{"line":46,"column":0},"end":{"line":46,"column":0}},"46":{"start":{"line":47,"column":0},"end":{"line":47,"column":27}}},"s":{"0":1,"1":1,"2":1,"3":1,"4":1,"5":1,"6":1,"7":68,"8":68,"9":68,"10":68,"11":68,"12":68,"13":68,"14":15,"15":68,"16":68,"17":68,"18":4,"19":4,"20":68,"21":68,"22":2,"23":2,"24":2,"25":2,"26":2,"27":2,"28":68,"29":68,"30":68,"31":68,"32":68,"33":68,"34":68,"35":68,"36":68,"37":68,"38":68,"39":68,"40":68,"41":68,"42":68,"43":68,"44":68,"45":1,"46":1},"branchMap":{"0":{"type":"branch","line":8,"loc":{"start":{"line":8,"column":0},"end":{"line":45,"column":1}},"locations":[{"start":{"line":8,"column":0},"end":{"line":45,"column":1}}]},"1":{"type":"branch","line":10,"loc":{"start":{"line":10,"column":54},"end":{"line":10,"column":75}},"locations":[{"start":{"line":10,"column":54},"end":{"line":10,"column":75}}]},"2":{"type":"branch","line":14,"loc":{"start":{"line":14,"column":12},"end":{"line":16,"column":5}},"locations":[{"start":{"line":14,"column":12},"end":{"line":16,"column":5}}]},"3":{"type":"branch","line":18,"loc":{"start":{"line":18,"column":23},"end":{"line":20,"column":4}},"locations":[{"start":{"line":18,"column":23},"end":{"line":20,"column":4}}]},"4":{"type":"branch","line":22,"loc":{"start":{"line":22,"column":23},"end":{"line":28,"column":4}},"locations":[{"start":{"line":22,"column":23},"end":{"line":28,"column":4}}]}},"b":{"0":[68],"1":[198],"2":[15],"3":[4],"4":[2]},"fnMap":{"0":{"name":"SearchInput","decl":{"start":{"line":8,"column":0},"end":{"line":45,"column":1}},"loc":{"start":{"line":8,"column":0},"end":{"line":45,"column":1}},"line":8},"1":{"name":"handleChange","decl":{"start":{"line":18,"column":23},"end":{"line":20,"column":4}},"loc":{"start":{"line":18,"column":23},"end":{"line":20,"column":4}},"line":18},"2":{"name":"handleSubmit","decl":{"start":{"line":22,"column":23},"end":{"line":28,"column":4}},"loc":{"start":{"line":22,"column":23},"end":{"line":28,"column":4}},"line":22}},"f":{"0":68,"1":4,"2":2}}
,"D:\\repo\\rs-react\\src\\components\\SearchOutput\\SearchOutput.tsx": {"path":"D:\\repo\\rs-react\\src\\components\\SearchOutput\\SearchOutput.tsx","all":false,"statementMap":{"0":{"start":{"line":1,"column":0},"end":{"line":1,"column":51}},"1":{"start":{"line":2,"column":0},"end":{"line":2,"column":51}},"2":{"start":{"line":3,"column":0},"end":{"line":3,"column":63}},"3":{"start":{"line":4,"column":0},"end":{"line":4,"column":50}},"4":{"start":{"line":5,"column":0},"end":{"line":5,"column":41}},"5":{"start":{"line":6,"column":0},"end":{"line":6,"column":56}},"6":{"start":{"line":7,"column":0},"end":{"line":7,"column":25}},"7":{"start":{"line":8,"column":0},"end":{"line":8,"column":43}},"8":{"start":{"line":9,"column":0},"end":{"line":9,"column":79}},"9":{"start":{"line":10,"column":0},"end":{"line":10,"column":0}},"10":{"start":{"line":11,"column":0},"end":{"line":11,"column":37}},"11":{"start":{"line":12,"column":0},"end":{"line":12,"column":16}},"12":{"start":{"line":13,"column":0},"end":{"line":13,"column":9}},"13":{"start":{"line":14,"column":0},"end":{"line":14,"column":12}},"14":{"start":{"line":15,"column":0},"end":{"line":15,"column":5}},"15":{"start":{"line":16,"column":0},"end":{"line":16,"column":0}},"16":{"start":{"line":17,"column":0},"end":{"line":17,"column":10}},"17":{"start":{"line":18,"column":0},"end":{"line":18,"column":28}},"18":{"start":{"line":19,"column":0},"end":{"line":19,"column":41}},"19":{"start":{"line":20,"column":0},"end":{"line":20,"column":10}},"20":{"start":{"line":21,"column":0},"end":{"line":21,"column":38}},"21":{"start":{"line":22,"column":0},"end":{"line":22,"column":44}},"22":{"start":{"line":23,"column":0},"end":{"line":23,"column":62}},"23":{"start":{"line":24,"column":0},"end":{"line":24,"column":15}},"24":{"start":{"line":25,"column":0},"end":{"line":25,"column":15}},"25":{"start":{"line":26,"column":0},"end":{"line":26,"column":56}},"26":{"start":{"line":27,"column":0},"end":{"line":27,"column":11}},"27":{"start":{"line":28,"column":0},"end":{"line":28,"column":11}},"28":{"start":{"line":29,"column":0},"end":{"line":29,"column":57}},"29":{"start":{"line":30,"column":0},"end":{"line":30,"column":8}},"30":{"start":{"line":31,"column":0},"end":{"line":31,"column":10}},"31":{"start":{"line":32,"column":0},"end":{"line":32,"column":4}},"32":{"start":{"line":33,"column":0},"end":{"line":33,"column":1}},"33":{"start":{"line":34,"column":0},"end":{"line":34,"column":0}},"34":{"start":{"line":35,"column":0},"end":{"line":35,"column":28}}},"s":{"0":1,"1":1,"2":1,"3":1,"4":1,"5":1,"6":34,"7":34,"8":34,"9":34,"10":34,"11":34,"12":34,"13":34,"14":34,"15":34,"16":34,"17":34,"18":34,"19":19,"20":19,"21":19,"22":57,"23":19,"24":19,"25":19,"26":19,"27":15,"28":15,"29":34,"30":34,"31":34,"32":34,"33":1,"34":1},"branchMap":{"0":{"type":"branch","line":7,"loc":{"start":{"line":7,"column":0},"end":{"line":33,"column":1}},"locations":[{"start":{"line":7,"column":0},"end":{"line":33,"column":1}}]},"1":{"type":"branch","line":19,"loc":{"start":{"line":19,"column":7},"end":{"line":19,"column":21}},"locations":[{"start":{"line":19,"column":7},"end":{"line":19,"column":21}}]},"2":{"type":"branch","line":19,"loc":{"start":{"line":19,"column":13},"end":{"line":19,"column":41}},"locations":[{"start":{"line":19,"column":13},"end":{"line":19,"column":41}}]},"3":{"type":"branch","line":19,"loc":{"start":{"line":19,"column":31},"end":{"line":27,"column":11}},"locations":[{"start":{"line":19,"column":31},"end":{"line":27,"column":11}}]},"4":{"type":"branch","line":26,"loc":{"start":{"line":26,"column":39},"end":{"line":26,"column":56}},"locations":[{"start":{"line":26,"column":39},"end":{"line":26,"column":56}}]},"5":{"type":"branch","line":27,"loc":{"start":{"line":27,"column":8},"end":{"line":29,"column":57}},"locations":[{"start":{"line":27,"column":8},"end":{"line":29,"column":57}}]},"6":{"type":"branch","line":9,"loc":{"start":{"line":9,"column":56},"end":{"line":9,"column":77}},"locations":[{"start":{"line":9,"column":56},"end":{"line":9,"column":77}}]},"7":{"type":"branch","line":22,"loc":{"start":{"line":22,"column":27},"end":{"line":24,"column":13}},"locations":[{"start":{"line":22,"column":27},"end":{"line":24,"column":13}}]}},"b":{"0":[34],"1":[20],"2":[20],"3":[19],"4":[7],"5":[15],"6":[136],"7":[57]},"fnMap":{"0":{"name":"SearchOutput","decl":{"start":{"line":7,"column":0},"end":{"line":33,"column":1}},"loc":{"start":{"line":7,"column":0},"end":{"line":33,"column":1}},"line":7}},"f":{"0":34}}
,"D:\\repo\\rs-react\\src\\constants\\constants.ts": {"path":"D:\\repo\\rs-react\\src\\constants\\constants.ts","all":false,"statementMap":{"0":{"start":{"line":1,"column":0},"end":{"line":1,"column":54}},"1":{"start":{"line":2,"column":0},"end":{"line":2,"column":59}},"2":{"start":{"line":3,"column":0},"end":{"line":3,"column":41}},"3":{"start":{"line":4,"column":0},"end":{"line":4,"column":37}}},"s":{"0":1,"1":1,"2":1,"3":1},"branchMap":{},"b":{},"fnMap":{},"f":{}}
,"D:\\repo\\rs-react\\src\\features\\api\\apiSlice.ts": {"path":"D:\\repo\\rs-react\\src\\features\\api\\apiSlice.ts","all":false,"statementMap":{"0":{"start":{"line":1,"column":0},"end":{"line":1,"column":73}},"1":{"start":{"line":2,"column":0},"end":{"line":2,"column":52}},"2":{"start":{"line":3,"column":0},"end":{"line":3,"column":51}},"3":{"start":{"line":4,"column":0},"end":{"line":4,"column":60}},"4":{"start":{"line":5,"column":0},"end":{"line":5,"column":0}},"5":{"start":{"line":6,"column":0},"end":{"line":6,"column":30}},"6":{"start":{"line":7,"column":0},"end":{"line":7,"column":15}},"7":{"start":{"line":8,"column":0},"end":{"line":8,"column":9}},"8":{"start":{"line":9,"column":0},"end":{"line":9,"column":24}},"9":{"start":{"line":10,"column":0},"end":{"line":10,"column":25}},"10":{"start":{"line":11,"column":0},"end":{"line":11,"column":29}},"11":{"start":{"line":12,"column":0},"end":{"line":12,"column":21}},"12":{"start":{"line":13,"column":0},"end":{"line":13,"column":24}},"13":{"start":{"line":14,"column":0},"end":{"line":14,"column":4}},"14":{"start":{"line":15,"column":0},"end":{"line":15,"column":1}},"15":{"start":{"line":16,"column":0},"end":{"line":16,"column":0}},"16":{"start":{"line":17,"column":0},"end":{"line":17,"column":23}},"17":{"start":{"line":18,"column":0},"end":{"line":18,"column":13}},"18":{"start":{"line":19,"column":0},"end":{"line":19,"column":21}},"19":{"start":{"line":20,"column":0},"end":{"line":20,"column":29}},"20":{"start":{"line":21,"column":0},"end":{"line":21,"column":31}},"21":{"start":{"line":22,"column":0},"end":{"line":22,"column":31}},"22":{"start":{"line":23,"column":0},"end":{"line":23,"column":20}},"23":{"start":{"line":24,"column":0},"end":{"line":24,"column":19}},"24":{"start":{"line":25,"column":0},"end":{"line":25,"column":9}},"25":{"start":{"line":26,"column":0},"end":{"line":26,"column":15}},"26":{"start":{"line":27,"column":0},"end":{"line":27,"column":25}},"27":{"start":{"line":28,"column":0},"end":{"line":28,"column":17}},"28":{"start":{"line":29,"column":0},"end":{"line":29,"column":23}},"29":{"start":{"line":30,"column":0},"end":{"line":30,"column":21}},"30":{"start":{"line":31,"column":0},"end":{"line":31,"column":22}},"31":{"start":{"line":32,"column":0},"end":{"line":32,"column":17}},"32":{"start":{"line":33,"column":0},"end":{"line":33,"column":4}},"33":{"start":{"line":34,"column":0},"end":{"line":34,"column":1}},"34":{"start":{"line":35,"column":0},"end":{"line":35,"column":0}},"35":{"start":{"line":36,"column":0},"end":{"line":36,"column":35}},"36":{"start":{"line":37,"column":0},"end":{"line":37,"column":21}},"37":{"start":{"line":38,"column":0},"end":{"line":38,"column":41}},"38":{"start":{"line":39,"column":0},"end":{"line":39,"column":28}},"39":{"start":{"line":40,"column":0},"end":{"line":40,"column":28}},"40":{"start":{"line":41,"column":0},"end":{"line":41,"column":18}},"41":{"start":{"line":42,"column":0},"end":{"line":42,"column":60}},"42":{"start":{"line":43,"column":0},"end":{"line":43,"column":7}},"43":{"start":{"line":44,"column":0},"end":{"line":44,"column":24}},"44":{"start":{"line":45,"column":0},"end":{"line":45,"column":52}},"45":{"start":{"line":46,"column":0},"end":{"line":46,"column":16}},"46":{"start":{"line":47,"column":0},"end":{"line":47,"column":26}},"47":{"start":{"line":48,"column":0},"end":{"line":48,"column":19}},"48":{"start":{"line":49,"column":0},"end":{"line":49,"column":32}},"49":{"start":{"line":50,"column":0},"end":{"line":50,"column":34}},"50":{"start":{"line":51,"column":0},"end":{"line":51,"column":41}},"51":{"start":{"line":52,"column":0},"end":{"line":52,"column":12}},"52":{"start":{"line":53,"column":0},"end":{"line":53,"column":10}},"53":{"start":{"line":54,"column":0},"end":{"line":54,"column":8}},"54":{"start":{"line":55,"column":0},"end":{"line":55,"column":61}},"55":{"start":{"line":56,"column":0},"end":{"line":56,"column":39}},"56":{"start":{"line":57,"column":0},"end":{"line":57,"column":29}},"57":{"start":{"line":58,"column":0},"end":{"line":58,"column":40}},"58":{"start":{"line":59,"column":0},"end":{"line":59,"column":8}},"59":{"start":{"line":60,"column":0},"end":{"line":60,"column":7}},"60":{"start":{"line":61,"column":0},"end":{"line":61,"column":42}},"61":{"start":{"line":62,"column":0},"end":{"line":62,"column":22}},"62":{"start":{"line":63,"column":0},"end":{"line":63,"column":16}},"63":{"start":{"line":64,"column":0},"end":{"line":64,"column":32}},"64":{"start":{"line":65,"column":0},"end":{"line":65,"column":10}},"65":{"start":{"line":66,"column":0},"end":{"line":66,"column":8}},"66":{"start":{"line":67,"column":0},"end":{"line":67,"column":61}},"67":{"start":{"line":68,"column":0},"end":{"line":68,"column":42}},"68":{"start":{"line":69,"column":0},"end":{"line":69,"column":29}},"69":{"start":{"line":70,"column":0},"end":{"line":70,"column":43}},"70":{"start":{"line":71,"column":0},"end":{"line":71,"column":8}},"71":{"start":{"line":72,"column":0},"end":{"line":72,"column":7}},"72":{"start":{"line":73,"column":0},"end":{"line":73,"column":5}},"73":{"start":{"line":74,"column":0},"end":{"line":74,"column":3}},"74":{"start":{"line":75,"column":0},"end":{"line":75,"column":0}},"75":{"start":{"line":76,"column":0},"end":{"line":76,"column":62}}},"s":{"0":1,"1":1,"2":1,"3":1,"4":1,"5":1,"6":1,"7":1,"8":1,"9":1,"10":1,"11":1,"12":1,"13":1,"14":1,"15":1,"16":1,"17":1,"18":1,"19":1,"20":1,"21":1,"22":1,"23":1,"24":1,"25":1,"26":1,"27":1,"28":1,"29":1,"30":1,"31":1,"32":1,"33":1,"34":1,"35":1,"36":1,"37":1,"38":1,"39":7,"40":7,"41":7,"42":7,"43":7,"44":16,"45":16,"46":16,"47":16,"48":16,"49":16,"50":16,"51":16,"52":16,"53":16,"54":7,"55":16,"56":16,"57":16,"58":16,"59":7,"60":7,"61":7,"62":4,"63":4,"64":4,"65":4,"66":7,"67":4,"68":4,"69":3,"70":4,"71":7,"72":7,"73":1,"74":1,"75":1},"branchMap":{"0":{"type":"branch","line":39,"loc":{"start":{"line":39,"column":13},"end":{"line":73,"column":5}},"locations":[{"start":{"line":39,"column":13},"end":{"line":73,"column":5}}]},"1":{"type":"branch","line":44,"loc":{"start":{"line":44,"column":13},"end":{"line":54,"column":8}},"locations":[{"start":{"line":44,"column":13},"end":{"line":54,"column":8}}]},"2":{"type":"branch","line":55,"loc":{"start":{"line":55,"column":6},"end":{"line":59,"column":8}},"locations":[{"start":{"line":55,"column":6},"end":{"line":59,"column":8}}]},"3":{"type":"branch","line":62,"loc":{"start":{"line":62,"column":13},"end":{"line":66,"column":8}},"locations":[{"start":{"line":62,"column":13},"end":{"line":66,"column":8}}]},"4":{"type":"branch","line":67,"loc":{"start":{"line":67,"column":6},"end":{"line":71,"column":8}},"locations":[{"start":{"line":67,"column":6},"end":{"line":71,"column":8}}]},"5":{"type":"branch","line":69,"loc":{"start":{"line":69,"column":14},"end":{"line":70,"column":43}},"locations":[{"start":{"line":69,"column":14},"end":{"line":70,"column":43}}]}},"b":{"0":[7],"1":[16],"2":[16],"3":[4],"4":[4],"5":[3]},"fnMap":{"0":{"name":"endpoints","decl":{"start":{"line":39,"column":13},"end":{"line":73,"column":5}},"loc":{"start":{"line":39,"column":13},"end":{"line":73,"column":5}},"line":39},"1":{"name":"query","decl":{"start":{"line":44,"column":13},"end":{"line":54,"column":8}},"loc":{"start":{"line":44,"column":13},"end":{"line":54,"column":8}},"line":44},"2":{"name":"onQueryStarted","decl":{"start":{"line":55,"column":6},"end":{"line":59,"column":8}},"loc":{"start":{"line":55,"column":6},"end":{"line":59,"column":8}},"line":55},"3":{"name":"query","decl":{"start":{"line":62,"column":13},"end":{"line":66,"column":8}},"loc":{"start":{"line":62,"column":13},"end":{"line":66,"column":8}},"line":62},"4":{"name":"onQueryStarted","decl":{"start":{"line":67,"column":6},"end":{"line":71,"column":8}},"loc":{"start":{"line":67,"column":6},"end":{"line":71,"column":8}},"line":67}},"f":{"0":7,"1":16,"2":16,"3":4,"4":4}}
,"D:\\repo\\rs-react\\src\\features\\details\\detailsSlice.ts": {"path":"D:\\repo\\rs-react\\src\\features\\details\\detailsSlice.ts","all":false,"statementMap":{"0":{"start":{"line":1,"column":0},"end":{"line":1,"column":47}},"1":{"start":{"line":2,"column":0},"end":{"line":2,"column":0}},"2":{"start":{"line":3,"column":0},"end":{"line":3,"column":24}},"3":{"start":{"line":4,"column":0},"end":{"line":4,"column":26}},"4":{"start":{"line":5,"column":0},"end":{"line":5,"column":1}},"5":{"start":{"line":6,"column":0},"end":{"line":6,"column":0}},"6":{"start":{"line":7,"column":0},"end":{"line":7,"column":36}},"7":{"start":{"line":8,"column":0},"end":{"line":8,"column":24}},"8":{"start":{"line":9,"column":0},"end":{"line":9,"column":2}},"9":{"start":{"line":10,"column":0},"end":{"line":10,"column":0}},"10":{"start":{"line":11,"column":0},"end":{"line":11,"column":34}},"11":{"start":{"line":12,"column":0},"end":{"line":12,"column":18}},"12":{"start":{"line":13,"column":0},"end":{"line":13,"column":15}},"13":{"start":{"line":14,"column":0},"end":{"line":14,"column":13}},"14":{"start":{"line":15,"column":0},"end":{"line":15,"column":43}},"15":{"start":{"line":16,"column":0},"end":{"line":16,"column":44}},"16":{"start":{"line":17,"column":0},"end":{"line":17,"column":6}},"17":{"start":{"line":18,"column":0},"end":{"line":18,"column":4}},"18":{"start":{"line":19,"column":0},"end":{"line":19,"column":3}},"19":{"start":{"line":20,"column":0},"end":{"line":20,"column":0}},"20":{"start":{"line":21,"column":0},"end":{"line":21,"column":58}},"21":{"start":{"line":22,"column":0},"end":{"line":22,"column":0}},"22":{"start":{"line":23,"column":0},"end":{"line":23,"column":36}}},"s":{"0":1,"1":1,"2":1,"3":1,"4":1,"5":1,"6":1,"7":1,"8":1,"9":1,"10":1,"11":1,"12":1,"13":1,"14":1,"15":7,"16":7,"17":1,"18":1,"19":1,"20":1,"21":1,"22":1},"branchMap":{"0":{"type":"branch","line":15,"loc":{"start":{"line":15,"column":23},"end":{"line":17,"column":6}},"locations":[{"start":{"line":15,"column":23},"end":{"line":17,"column":6}}]}},"b":{"0":[7]},"fnMap":{"0":{"name":"setDetailsLoading","decl":{"start":{"line":15,"column":23},"end":{"line":17,"column":6}},"loc":{"start":{"line":15,"column":23},"end":{"line":17,"column":6}},"line":15}},"f":{"0":7}}
,"D:\\repo\\rs-react\\src\\features\\main\\mainSlice.ts": {"path":"D:\\repo\\rs-react\\src\\features\\main\\mainSlice.ts","all":false,"statementMap":{"0":{"start":{"line":1,"column":0},"end":{"line":1,"column":62}},"1":{"start":{"line":2,"column":0},"end":{"line":2,"column":8}},"2":{"start":{"line":3,"column":0},"end":{"line":3,"column":25}},"3":{"start":{"line":4,"column":0},"end":{"line":4,"column":22}},"4":{"start":{"line":5,"column":0},"end":{"line":5,"column":35}},"5":{"start":{"line":6,"column":0},"end":{"line":6,"column":0}},"6":{"start":{"line":7,"column":0},"end":{"line":7,"column":21}},"7":{"start":{"line":8,"column":0},"end":{"line":8,"column":22}},"8":{"start":{"line":9,"column":0},"end":{"line":9,"column":18}},"9":{"start":{"line":10,"column":0},"end":{"line":10,"column":15}},"10":{"start":{"line":11,"column":0},"end":{"line":11,"column":23}},"11":{"start":{"line":12,"column":0},"end":{"line":12,"column":1}},"12":{"start":{"line":13,"column":0},"end":{"line":13,"column":0}},"13":{"start":{"line":14,"column":0},"end":{"line":14,"column":33}},"14":{"start":{"line":15,"column":0},"end":{"line":15,"column":18}},"15":{"start":{"line":16,"column":0},"end":{"line":16,"column":34}},"16":{"start":{"line":17,"column":0},"end":{"line":17,"column":28}},"17":{"start":{"line":18,"column":0},"end":{"line":18,"column":21}},"18":{"start":{"line":19,"column":0},"end":{"line":19,"column":2}},"19":{"start":{"line":20,"column":0},"end":{"line":20,"column":0}},"20":{"start":{"line":21,"column":0},"end":{"line":21,"column":31}},"21":{"start":{"line":22,"column":0},"end":{"line":22,"column":15}},"22":{"start":{"line":23,"column":0},"end":{"line":23,"column":15}},"23":{"start":{"line":24,"column":0},"end":{"line":24,"column":13}},"24":{"start":{"line":25,"column":0},"end":{"line":25,"column":66}},"25":{"start":{"line":26,"column":0},"end":{"line":26,"column":41}},"26":{"start":{"line":27,"column":0},"end":{"line":27,"column":6}},"27":{"start":{"line":28,"column":0},"end":{"line":28,"column":64}},"28":{"start":{"line":29,"column":0},"end":{"line":29,"column":41}},"29":{"start":{"line":30,"column":0},"end":{"line":30,"column":6}},"30":{"start":{"line":31,"column":0},"end":{"line":31,"column":56}},"31":{"start":{"line":32,"column":0},"end":{"line":32,"column":34}},"32":{"start":{"line":33,"column":0},"end":{"line":33,"column":6}},"33":{"start":{"line":34,"column":0},"end":{"line":34,"column":59}},"34":{"start":{"line":35,"column":0},"end":{"line":35,"column":37}},"35":{"start":{"line":36,"column":0},"end":{"line":36,"column":6}},"36":{"start":{"line":37,"column":0},"end":{"line":37,"column":4}},"37":{"start":{"line":38,"column":0},"end":{"line":38,"column":3}},"38":{"start":{"line":39,"column":0},"end":{"line":39,"column":0}},"39":{"start":{"line":40,"column":0},"end":{"line":40,"column":73}},"40":{"start":{"line":41,"column":0},"end":{"line":41,"column":20}},"41":{"start":{"line":42,"column":0},"end":{"line":42,"column":33}}},"s":{"0":1,"1":1,"2":1,"3":1,"4":1,"5":1,"6":1,"7":1,"8":1,"9":1,"10":1,"11":1,"12":1,"13":1,"14":1,"15":1,"16":1,"17":1,"18":1,"19":1,"20":1,"21":1,"22":1,"23":1,"24":1,"25":3,"26":3,"27":1,"28":32,"29":32,"30":1,"31":19,"32":19,"33":1,"34":0,"35":0,"36":1,"37":1,"38":1,"39":1,"40":1,"41":1},"branchMap":{"0":{"type":"branch","line":25,"loc":{"start":{"line":25,"column":23},"end":{"line":27,"column":6}},"locations":[{"start":{"line":25,"column":23},"end":{"line":27,"column":6}}]},"1":{"type":"branch","line":28,"loc":{"start":{"line":28,"column":20},"end":{"line":30,"column":6}},"locations":[{"start":{"line":28,"column":20},"end":{"line":30,"column":6}}]},"2":{"type":"branch","line":31,"loc":{"start":{"line":31,"column":13},"end":{"line":33,"column":6}},"locations":[{"start":{"line":31,"column":13},"end":{"line":33,"column":6}}]}},"b":{"0":[3],"1":[32],"2":[19]},"fnMap":{"0":{"name":"updateSearchValue","decl":{"start":{"line":25,"column":23},"end":{"line":27,"column":6}},"loc":{"start":{"line":25,"column":23},"end":{"line":27,"column":6}},"line":25},"1":{"name":"setMainLoading","decl":{"start":{"line":28,"column":20},"end":{"line":30,"column":6}},"loc":{"start":{"line":28,"column":20},"end":{"line":30,"column":6}},"line":28},"2":{"name":"setPage","decl":{"start":{"line":31,"column":13},"end":{"line":33,"column":6}},"loc":{"start":{"line":31,"column":13},"end":{"line":33,"column":6}},"line":31},"3":{"name":"setPerPage","decl":{"start":{"line":34,"column":16},"end":{"line":36,"column":6}},"loc":{"start":{"line":34,"column":16},"end":{"line":36,"column":6}},"line":34}},"f":{"0":3,"1":32,"2":19,"3":0}}
,"D:\\repo\\rs-react\\src\\hooks\\hooks.ts": {"path":"D:\\repo\\rs-react\\src\\hooks\\hooks.ts","all":false,"statementMap":{"0":{"start":{"line":1,"column":0},"end":{"line":1,"column":55}},"1":{"start":{"line":2,"column":0},"end":{"line":2,"column":61}},"2":{"start":{"line":3,"column":0},"end":{"line":3,"column":56}},"3":{"start":{"line":4,"column":0},"end":{"line":4,"column":0}},"4":{"start":{"line":5,"column":0},"end":{"line":5,"column":75}},"5":{"start":{"line":6,"column":0},"end":{"line":6,"column":61}}},"s":{"0":1,"1":1,"2":1,"3":1,"4":1,"5":1},"branchMap":{},"b":{},"fnMap":{},"f":{}}
,"D:\\repo\\rs-react\\src\\service\\LocalStorage.ts": {"path":"D:\\repo\\rs-react\\src\\service\\LocalStorage.ts","all":false,"statementMap":{"0":{"start":{"line":1,"column":0},"end":{"line":1,"column":27}},"1":{"start":{"line":2,"column":0},"end":{"line":2,"column":40}},"2":{"start":{"line":3,"column":0},"end":{"line":3,"column":0}},"3":{"start":{"line":4,"column":0},"end":{"line":4,"column":35}},"4":{"start":{"line":5,"column":0},"end":{"line":5,"column":35}},"5":{"start":{"line":6,"column":0},"end":{"line":6,"column":3}},"6":{"start":{"line":7,"column":0},"end":{"line":7,"column":0}},"7":{"start":{"line":8,"column":0},"end":{"line":8,"column":23}},"8":{"start":{"line":9,"column":0},"end":{"line":9,"column":31}},"9":{"start":{"line":10,"column":0},"end":{"line":10,"column":3}},"10":{"start":{"line":11,"column":0},"end":{"line":11,"column":0}},"11":{"start":{"line":12,"column":0},"end":{"line":12,"column":20}},"12":{"start":{"line":13,"column":0},"end":{"line":13,"column":35}},"13":{"start":{"line":14,"column":0},"end":{"line":14,"column":3}},"14":{"start":{"line":15,"column":0},"end":{"line":15,"column":0}},"15":{"start":{"line":16,"column":0},"end":{"line":16,"column":20}},"16":{"start":{"line":17,"column":0},"end":{"line":17,"column":37}},"17":{"start":{"line":18,"column":0},"end":{"line":18,"column":3}},"18":{"start":{"line":19,"column":0},"end":{"line":19,"column":1}},"19":{"start":{"line":20,"column":0},"end":{"line":20,"column":0}},"20":{"start":{"line":21,"column":0},"end":{"line":21,"column":54}},"21":{"start":{"line":22,"column":0},"end":{"line":22,"column":0}},"22":{"start":{"line":23,"column":0},"end":{"line":23,"column":35}}},"s":{"0":7,"1":7,"2":7,"3":7,"4":2,"5":2,"6":7,"7":7,"8":0,"9":0,"10":7,"11":7,"12":13,"13":13,"14":7,"15":7,"16":0,"17":0,"18":7,"19":1,"20":1,"21":1,"22":1},"branchMap":{"0":{"type":"branch","line":1,"loc":{"start":{"line":1,"column":0},"end":{"line":19,"column":1}},"locations":[{"start":{"line":1,"column":0},"end":{"line":19,"column":1}}]},"1":{"type":"branch","line":4,"loc":{"start":{"line":4,"column":2},"end":{"line":6,"column":3}},"locations":[{"start":{"line":4,"column":2},"end":{"line":6,"column":3}}]},"2":{"type":"branch","line":12,"loc":{"start":{"line":12,"column":2},"end":{"line":14,"column":3}},"locations":[{"start":{"line":12,"column":2},"end":{"line":14,"column":3}}]}},"b":{"0":[7],"1":[2],"2":[13]},"fnMap":{"0":{"name":"<instance_members_initializer>","decl":{"start":{"line":1,"column":0},"end":{"line":19,"column":1}},"loc":{"start":{"line":1,"column":0},"end":{"line":19,"column":1}},"line":1},"1":{"name":"set","decl":{"start":{"line":4,"column":2},"end":{"line":6,"column":3}},"loc":{"start":{"line":4,"column":2},"end":{"line":6,"column":3}},"line":4},"2":{"name":"delete","decl":{"start":{"line":8,"column":2},"end":{"line":10,"column":3}},"loc":{"start":{"line":8,"column":2},"end":{"line":10,"column":3}},"line":8},"3":{"name":"get","decl":{"start":{"line":12,"column":2},"end":{"line":14,"column":3}},"loc":{"start":{"line":12,"column":2},"end":{"line":14,"column":3}},"line":12},"4":{"name":"has","decl":{"start":{"line":16,"column":2},"end":{"line":18,"column":3}},"loc":{"start":{"line":16,"column":2},"end":{"line":18,"column":3}},"line":16}},"f":{"0":7,"1":2,"2":0,"3":13,"4":0}}
,"D:\\repo\\rs-react\\src\\store\\store.ts": {"path":"D:\\repo\\rs-react\\src\\store\\store.ts","all":false,"statementMap":{"0":{"start":{"line":1,"column":0},"end":{"line":1,"column":53}},"1":{"start":{"line":2,"column":0},"end":{"line":2,"column":67}},"2":{"start":{"line":3,"column":0},"end":{"line":3,"column":55}},"3":{"start":{"line":4,"column":0},"end":{"line":4,"column":53}},"4":{"start":{"line":5,"column":0},"end":{"line":5,"column":62}},"5":{"start":{"line":6,"column":0},"end":{"line":6,"column":52}},"6":{"start":{"line":7,"column":0},"end":{"line":7,"column":0}},"7":{"start":{"line":8,"column":0},"end":{"line":8,"column":37}},"8":{"start":{"line":9,"column":0},"end":{"line":9,"column":20}},"9":{"start":{"line":10,"column":0},"end":{"line":10,"column":26}},"10":{"start":{"line":11,"column":0},"end":{"line":11,"column":43}},"11":{"start":{"line":12,"column":0},"end":{"line":12,"column":3}},"12":{"start":{"line":13,"column":0},"end":{"line":13,"column":0}},"13":{"start":{"line":14,"column":0},"end":{"line":14,"column":75}},"14":{"start":{"line":15,"column":0},"end":{"line":15,"column":25}},"15":{"start":{"line":16,"column":0},"end":{"line":16,"column":25}},"16":{"start":{"line":17,"column":0},"end":{"line":17,"column":19}},"17":{"start":{"line":18,"column":0},"end":{"line":18,"column":41}},"18":{"start":{"line":19,"column":0},"end":{"line":19,"column":57}},"19":{"start":{"line":20,"column":0},"end":{"line":20,"column":5}},"20":{"start":{"line":21,"column":0},"end":{"line":21,"column":2}},"21":{"start":{"line":22,"column":0},"end":{"line":22,"column":0}},"22":{"start":{"line":23,"column":0},"end":{"line":23,"column":55}},"23":{"start":{"line":24,"column":0},"end":{"line":24,"column":53}},"24":{"start":{"line":25,"column":0},"end":{"line":25,"column":47}}},"s":{"0":1,"1":1,"2":1,"3":1,"4":1,"5":1,"6":1,"7":1,"8":1,"9":1,"10":1,"11":1,"12":1,"13":1,"14":20,"15":20,"16":20,"17":20,"18":20,"19":20,"20":20,"21":1,"22":1,"23":1,"24":1},"branchMap":{"0":{"type":"branch","line":14,"loc":{"start":{"line":14,"column":26},"end":{"line":21,"column":2}},"locations":[{"start":{"line":14,"column":26},"end":{"line":21,"column":2}}]},"1":{"type":"branch","line":18,"loc":{"start":{"line":18,"column":16},"end":{"line":19,"column":57}},"locations":[{"start":{"line":18,"column":16},"end":{"line":19,"column":57}}]}},"b":{"0":[20],"1":[20]},"fnMap":{"0":{"name":"setupStore","decl":{"start":{"line":14,"column":26},"end":{"line":21,"column":2}},"loc":{"start":{"line":14,"column":26},"end":{"line":21,"column":2}},"line":14},"1":{"name":"middleware","decl":{"start":{"line":18,"column":16},"end":{"line":19,"column":57}},"loc":{"start":{"line":18,"column":16},"end":{"line":19,"column":57}},"line":18}},"f":{"0":20,"1":20}}
}
